<?xml version="1.0" encoding="UTF-8"?>
<!-- Generated by org.testng.reporters.JUnitReportReporter -->
<testsuite hostname="pnt123" name="browser.SearchCnnAppWithChrome" tests="2" failures="0" timestamp="16 Aug 2015 17:54:09 GMT" time="71.212" errors="0">
  <testcase name="test2" time="61.812" classname="browser.SearchCnnAppWithChrome"/>
  <testcase name="test1" time="9.400" classname="browser.SearchCnnAppWithChrome"/>
</testsuite> <!-- browser.SearchCnnAppWithChrome -->
