<?xml version="1.0" encoding="UTF-8"?>
<!-- Generated by org.testng.reporters.JUnitReportReporter -->
<testsuite hostname="pnt123" name="browser.SearchCnnWithHtmlUnitDriver" tests="2" failures="0" timestamp="16 Aug 2015 18:15:32 GMT" time="28.691" errors="0">
  <testcase name="test1" time="3.661" classname="browser.SearchCnnWithHtmlUnitDriver"/>
  <testcase name="test2" time="25.030" classname="browser.SearchCnnWithHtmlUnitDriver"/>
</testsuite> <!-- browser.SearchCnnWithHtmlUnitDriver -->
