<?xml version="1.0" encoding="UTF-8"?>
<!-- Generated by org.testng.reporters.JUnitReportReporter -->
<testsuite hostname="pnt123" name="app.NewTest" tests="1" failures="0" timestamp="15 Aug 2015 15:56:05 GMT" time="51.844" errors="0">
  <testcase name="test1" time="51.844" classname="app.NewTest"/>
</testsuite> <!-- app.NewTest -->
