<?xml version="1.0" encoding="UTF-8"?>
<!-- Generated by org.testng.reporters.JUnitReportReporter -->
<testsuite hostname="pnt123" name="webdriver.CnnAppUsingTestNG" tests="1" failures="0" timestamp="16 Aug 2015 14:59:19 GMT" time="485.723" errors="0">
  <testcase name="f" time="485.723" classname="webdriver.CnnAppUsingTestNG"/>
</testsuite> <!-- webdriver.CnnAppUsingTestNG -->
