<?xml version="1.0" encoding="UTF-8"?>
<!-- Generated by org.testng.reporters.JUnitReportReporter -->
<testsuite hostname="pnt123" name="webdriver.Search" tests="2" failures="0" timestamp="16 Aug 2015 16:35:11 GMT" time="90.067" errors="0">
  <testcase name="test2" time="71.930" classname="webdriver.Search"/>
  <testcase name="test1" time="18.137" classname="webdriver.Search"/>
</testsuite> <!-- webdriver.Search -->
